{"level":"info","message":"Example app listening on port 5000 ","service":"user-service"}
{"level":"info","message":"Example app listening on port 5000 ","service":"user-service"}
{"level":"info","message":"Example app listening on port 5000 ","service":"user-service"}
{"level":"info","message":"Example app listening on port 5000 ","service":"user-service"}
2023-06-07T17:53:38.887Z [right meow!] info: Example app listening on port 5000 
2023-06-07T17:54:14.841Z [right meow!] info: Example app listening on port 5000 
2023-06-12T15:43:00.800Z [right meow!] info: Example app listening on port 5000 
2023-06-12T15:44:10.180Z [right meow!] info: Example app listening on port 5000 
2023-06-12T15:46:17.458Z [right meow!] info: Example app listening on port 5000 
2023-06-12T15:47:31.151Z [right meow!] info: Example app listening on port 5000 
2023-06-12T15:56:36.801Z [right meow!] info: Example app listening on port 5000 
2023-06-12T15:57:25.129Z [right meow!] info: Example app listening on port 5000 
2023-06-12T16:22:05.644Z [right meow!] info: Example app listening on port 5000 
2023-06-12T16:22:58.280Z [right meow!] info: Example app listening on port 5000 
2023-06-12T16:23:46.225Z [right meow!] info: Example app listening on port 5000 
2023-06-12T16:24:02.005Z [right meow!] info: Example app listening on port 5000 
2023-06-12T16:24:18.087Z [right meow!] info: Example app listening on port 5000 
2023-06-12T16:25:59.258Z [right meow!] info: Example app listening on port 5000 
2023-06-12T17:53:14.585Z [right meow!] info: Example app listening on port 5000 
2023-06-12T17:53:26.385Z [right meow!] info: Example app listening on port 5000 
2023-06-12T17:53:48.912Z [right meow!] info: Example app listening on port 5000 
2023-06-12T17:55:57.648Z [right meow!] info: Example app listening on port 5000 
2023-06-12T17:57:05.488Z [right meow!] info: Example app listening on port 5000 
2023-06-12T17:57:53.828Z [right meow!] info: Example app listening on port 5000 
2023-06-12T17:58:07.144Z [right meow!] info: Example app listening on port 5000 
2023-06-12T17:58:34.889Z [right meow!] info: Example app listening on port 5000 
2023-06-12T17:59:09.144Z [right meow!] info: Example app listening on port 5000 
2023-06-12T17:59:42.478Z [right meow!] info: Example app listening on port 5000 
2023-06-12T18:01:58.169Z [right meow!] info: Example app listening on port 5000 
2023-06-12T18:02:20.291Z [right meow!] info: Example app listening on port 5000 
2023-06-12T18:03:45.047Z [right meow!] info: Example app listening on port 5000 
2023-06-12T18:04:40.053Z [right meow!] info: Example app listening on port 5000 
2023-06-12T18:05:13.479Z [right meow!] info: Example app listening on port 5000 
2023-06-12T18:05:35.721Z [right meow!] info: Example app listening on port 5000 
2023-06-12T20:37:37.612Z [right meow!] info: Example app listening on port 5000 
2023-06-12T20:38:16.594Z [right meow!] info: Example app listening on port 5000 
2023-06-12T20:38:25.376Z [right meow!] info: Example app listening on port 5000 
2023-06-12T20:40:58.668Z [right meow!] info: Example app listening on port 5000 
2023-06-12T20:41:19.338Z [right meow!] info: Example app listening on port 5000 
2023-06-12T20:43:58.326Z [right meow!] info: Example app listening on port 5000 
2023-06-12T20:44:15.493Z [right meow!] info: Example app listening on port 5000 
2023-06-12T20:47:17.422Z [right meow!] info: Example app listening on port 5000 
2023-06-12T20:47:55.416Z [right meow!] info: Example app listening on port 5000 
2023-06-12T20:49:20.804Z [right meow!] info: Example app listening on port 5000 
2023-06-12T20:51:06.497Z [right meow!] info: Example app listening on port 5000 
2023-06-12T20:54:05.772Z [right meow!] info: Example app listening on port 5000 
2023-06-12T20:54:18.723Z [right meow!] info: Example app listening on port 5000 
2023-06-12T20:54:28.322Z [right meow!] info: Example app listening on port 5000 
2023-06-12T20:54:33.537Z [right meow!] info: Example app listening on port 5000 
2023-06-12T20:56:55.541Z [right meow!] info: Example app listening on port 5000 
2023-06-12T20:58:03.304Z [right meow!] info: Example app listening on port 5000 
2023-06-12T20:58:32.234Z [right meow!] info: Example app listening on port 5000 
2023-06-14T08:06:03.832Z [right meow!] info: Example app listening on port 5000 
2023-06-14T09:10:22.445Z [right meow!] info: Example app listening on port 5000 
2023-06-14T09:10:46.083Z [right meow!] info: Example app listening on port 5000 
2023-06-14T09:11:12.759Z [right meow!] info: Example app listening on port 5000 
2023-06-14T10:13:30.090Z [right meow!] info: Example app listening on port 5000 
2023-06-14T10:14:25.794Z [right meow!] info: Example app listening on port 5000 
2023-06-14T10:17:35.803Z [right meow!] info: Example app listening on port 5000 
2023-06-14T10:26:00.067Z [right meow!] info: Example app listening on port 5000 
2023-06-14T10:27:59.562Z [right meow!] info: Example app listening on port 5000 
2023-06-14T10:28:06.486Z [right meow!] info: Example app listening on port 5000 
2023-06-14T10:29:30.080Z [right meow!] info: Example app listening on port 5000 
2023-06-14T10:30:26.629Z [right meow!] info: Example app listening on port 5000 
2023-06-14T10:33:10.017Z [right meow!] info: Example app listening on port 5000 
2023-06-14T10:34:05.560Z [right meow!] info: Example app listening on port 5000 
2023-06-14T10:35:17.300Z [right meow!] info: Example app listening on port 5000 
2023-06-14T10:35:44.081Z [right meow!] info: Example app listening on port 5000 
2023-06-14T10:35:50.859Z [right meow!] info: Example app listening on port 5000 
2023-06-14T10:36:17.099Z [right meow!] info: Example app listening on port 5000 
2023-06-14T10:36:58.966Z [right meow!] info: Example app listening on port 5000 
2023-06-14T10:38:22.611Z [right meow!] info: Example app listening on port 5000 
2023-06-14T10:40:05.894Z [right meow!] info: Example app listening on port 5000 
2023-06-14T10:43:06.226Z [right meow!] info: Example app listening on port 5000 
2023-06-14T10:43:58.625Z [right meow!] info: Example app listening on port 5000 
2023-06-14T10:51:10.223Z [right meow!] info: Example app listening on port 5000 
2023-06-14T10:52:29.416Z [right meow!] info: Example app listening on port 5000 
2023-06-14T10:53:06.994Z [right meow!] info: Example app listening on port 5000 
2023-06-14T10:53:20.680Z [right meow!] info: Example app listening on port 5000 
2023-06-14T10:53:37.131Z [right meow!] info: Example app listening on port 5000 
2023-06-14T10:54:48.326Z [right meow!] info: Example app listening on port 5000 
2023-06-14T10:55:09.152Z [right meow!] info: Example app listening on port 5000 
2023-06-14T10:56:45.562Z [right meow!] info: Example app listening on port 5000 
2023-06-14T10:57:07.205Z [right meow!] info: Example app listening on port 5000 
2023-06-14T10:57:16.799Z [right meow!] info: Example app listening on port 5000 
2023-06-14T10:57:35.549Z [right meow!] info: Example app listening on port 5000 
2023-06-14T10:57:46.549Z [right meow!] info: Example app listening on port 5000 
2023-06-14T10:59:15.464Z [right meow!] info: Example app listening on port 5000 
2023-06-14T10:59:44.180Z [right meow!] info: Example app listening on port 5000 
2023-06-14T10:59:57.737Z [right meow!] info: Example app listening on port 5000 
2023-06-14T11:00:43.008Z [right meow!] info: Example app listening on port 5000 
2023-06-14T11:01:31.615Z [right meow!] info: Example app listening on port 5000 
2023-06-14T11:01:47.959Z [right meow!] info: Example app listening on port 5000 
2023-06-14T11:02:16.027Z [right meow!] info: Example app listening on port 5000 
2023-06-14T11:02:34.878Z [right meow!] info: Example app listening on port 5000 
2023-06-14T11:02:42.112Z [right meow!] info: Example app listening on port 5000 
2023-06-14T15:24:35.311Z [right meow!] info: Example app listening on port 5000 
2023-06-14T15:25:02.830Z [right meow!] info: Example app listening on port 5000 
2023-06-14T15:25:07.950Z [right meow!] info: Example app listening on port 5000 
2023-06-14T15:25:12.935Z [right meow!] info: Example app listening on port 5000 
2023-06-14T15:25:20.867Z [right meow!] info: Example app listening on port 5000 
2023-06-14T15:25:25.022Z [right meow!] info: Example app listening on port 5000 
2023-06-14T15:25:32.445Z [right meow!] info: Example app listening on port 5000 
2023-06-14T15:25:36.091Z [right meow!] info: Example app listening on port 5000 
2023-06-14T15:25:43.343Z [right meow!] info: Example app listening on port 5000 
2023-06-14T15:25:50.386Z [right meow!] info: Example app listening on port 5000 
2023-06-14T15:25:54.955Z [right meow!] info: Example app listening on port 5000 
2023-06-14T15:26:12.862Z [right meow!] info: Example app listening on port 5000 
2023-06-14T15:26:20.050Z [right meow!] info: Example app listening on port 5000 
2023-06-14T15:26:33.668Z [right meow!] info: Example app listening on port 5000 
2023-06-14T15:26:38.912Z [right meow!] info: Example app listening on port 5000 
2023-06-14T15:26:48.138Z [right meow!] info: Example app listening on port 5000 
2023-06-14T15:27:01.692Z [right meow!] info: Example app listening on port 5000 
2023-06-14T15:27:13.038Z [right meow!] info: Example app listening on port 5000 
2023-06-14T15:27:25.840Z [right meow!] info: Example app listening on port 5000 
2023-06-14T15:28:06.423Z [right meow!] info: Example app listening on port 5000 
2023-06-14T15:28:35.349Z [right meow!] info: Example app listening on port 5000 
2023-06-14T15:28:44.720Z [right meow!] info: Example app listening on port 5000 
2023-06-14T15:46:39.754Z [right meow!] info: Example app listening on port 5000 
2023-06-14T15:48:38.885Z [right meow!] info: Example app listening on port 5000 
2023-06-14T21:53:35.163Z [right meow!] info: Example app listening on port 5000 
2023-06-14T21:55:02.669Z [right meow!] info: Example app listening on port 5000 
2023-06-14T21:55:09.716Z [right meow!] info: Example app listening on port 5000 
2023-06-14T21:55:15.511Z [right meow!] info: Example app listening on port 5000 
2023-06-14T21:56:16.402Z [right meow!] info: Example app listening on port 5000 
2023-06-14T21:56:21.571Z [right meow!] info: Example app listening on port 5000 
2023-06-14T21:56:56.839Z [right meow!] info: Example app listening on port 5000 
2023-06-14T21:59:05.048Z [right meow!] info: Example app listening on port 5000 
2023-06-14T22:00:05.855Z [right meow!] info: Example app listening on port 5000 
2023-06-14T22:00:29.970Z [right meow!] info: Example app listening on port 5000 
2023-06-14T22:00:48.169Z [right meow!] info: Example app listening on port 5000 
2023-06-14T22:01:44.966Z [right meow!] info: Example app listening on port 5000 
2023-06-14T22:01:59.755Z [right meow!] info: Example app listening on port 5000 
2023-06-14T22:02:09.702Z [right meow!] info: Example app listening on port 5000 
2023-06-14T22:02:21.753Z [right meow!] info: Example app listening on port 5000 
2023-06-14T22:03:06.344Z [right meow!] info: Example app listening on port 5000 
2023-06-14T22:03:37.936Z [right meow!] info: Example app listening on port 5000 
2023-06-14T22:05:32.059Z [right meow!] info: Example app listening on port 5000 
2023-06-14T22:05:44.844Z [right meow!] info: Example app listening on port 5000 
2023-06-14T22:06:10.720Z [right meow!] info: Example app listening on port 5000 
2023-06-14T22:06:37.310Z [right meow!] info: Example app listening on port 5000 
2023-06-14T22:08:14.160Z [right meow!] info: Example app listening on port 5000 
2023-06-14T22:08:27.941Z [right meow!] info: Example app listening on port 5000 
2023-06-14T22:08:41.790Z [right meow!] info: Example app listening on port 5000 
2023-06-14T22:09:12.495Z [right meow!] info: Example app listening on port 5000 
2023-06-14T22:09:16.142Z [right meow!] info: Example app listening on port 5000 
2023-06-14T22:09:48.661Z [right meow!] info: Example app listening on port 5000 
2023-06-14T22:10:13.192Z [right meow!] info: Example app listening on port 5000 
2023-06-14T22:10:19.249Z [right meow!] info: Example app listening on port 5000 
2023-06-14T22:10:28.781Z [right meow!] info: Example app listening on port 5000 
2023-06-14T22:10:33.936Z [right meow!] info: Example app listening on port 5000 
2023-06-14T22:11:40.818Z [right meow!] info: Example app listening on port 5000 
2023-06-14T22:14:36.999Z [right meow!] info: 🛢   Database is connected successfully
2023-06-14T22:14:37.004Z [right meow!] info: Application  listening on port 5000
2023-06-14T22:17:26.544Z [right meow!] info: 🛢   Database is connected successfully
2023-06-14T22:17:26.552Z [right meow!] error: Failed to connect database server is not defined
2023-06-14T22:17:26.554Z [right meow!] info: Application  listening on port 5000
2023-06-14T22:17:38.362Z [right meow!] info: 🛢   Database is connected successfully
2023-06-14T22:17:38.369Z [right meow!] info: Application  listening on port 5000
2023-06-15T17:18:15.548Z [right meow!] info: Example app listening on port 5000 
2023-06-15T17:19:02.412Z [right meow!] info: Example app listening on port 5000 
2023-06-15T17:20:50.850Z [right meow!] info: Example app listening on port 5000 
2023-06-15T17:22:43.911Z [right meow!] info: Example app listening on port 5000 
2023-06-15T17:23:15.732Z [right meow!] info: Example app listening on port 5000 
2023-06-15T17:23:25.450Z [right meow!] info: Example app listening on port 5000 
2023-06-15T17:24:03.284Z [right meow!] info: Example app listening on port 5000 
2023-06-15T17:28:50.150Z [right meow!] info: 🛢   Database is connected successfully
2023-06-15T17:28:50.156Z [right meow!] info: Application  listening on port 5000
2023-06-15T17:30:23.785Z [right meow!] info: 🛢   Database is connected successfully
2023-06-15T17:30:23.791Z [right meow!] info: Application  listening on port 5000
2023-06-15T17:32:03.984Z [right meow!] info: 🛢   Database is connected successfully
2023-06-15T17:32:03.990Z [right meow!] info: Application  listening on port 5000
2023-06-15T17:33:17.753Z [right meow!] error: Oreh Baba errror
2023-06-15T17:33:44.586Z [right meow!] info: 🛢   Database is connected successfully
2023-06-15T17:33:44.591Z [right meow!] info: Application  listening on port 5000
2023-06-15T17:34:00.753Z [right meow!] error: Oreh Baba errror
2023-06-15T17:35:04.351Z [right meow!] info: 🛢   Database is connected successfully
2023-06-15T17:35:04.356Z [right meow!] info: Application  listening on port 5000
2023-06-15T17:35:16.254Z [right meow!] info: 🛢   Database is connected successfully
2023-06-15T17:35:16.260Z [right meow!] info: Application  listening on port 5000
2023-06-15T17:35:21.690Z [right meow!] info: 🛢   Database is connected successfully
2023-06-15T17:35:21.696Z [right meow!] info: Application  listening on port 5000
2023-06-15T17:37:34.024Z [right meow!] info: 🛢   Database is connected successfully
2023-06-15T17:37:34.029Z [right meow!] info: Application  listening on port 5000
2023-06-15T17:37:47.855Z [right meow!] info: 🛢   Database is connected successfully
2023-06-15T17:37:47.860Z [right meow!] info: Application  listening on port 5000
2023-06-15T18:18:08.295Z [right meow!] info: 🛢   Database is connected successfully
2023-06-15T18:18:08.300Z [right meow!] info: Application  listening on port 5000
2023-06-15T18:18:43.963Z [right meow!] info: 🛢   Database is connected successfully
2023-06-15T18:18:43.969Z [right meow!] info: Application  listening on port 5000
2023-06-15T18:19:31.990Z [right meow!] info: 🛢   Database is connected successfully
2023-06-15T18:19:31.996Z [right meow!] info: Application  listening on port 5000
2023-06-15T18:20:42.628Z [right meow!] info: 🛢   Database is connected successfully
2023-06-15T18:20:42.634Z [right meow!] info: Application  listening on port 5000
2023-06-15T18:23:58.851Z [right meow!] info: 🛢   Database is connected successfully
2023-06-15T18:23:58.857Z [right meow!] info: Application  listening on port 5000
2023-06-15T18:24:06.579Z [right meow!] info: 🛢   Database is connected successfully
2023-06-15T18:24:06.586Z [right meow!] info: Application  listening on port 5000
2023-06-15T18:24:28.067Z [right meow!] info: 🛢   Database is connected successfully
2023-06-15T18:24:28.074Z [right meow!] info: Application  listening on port 5000
2023-06-15T18:24:50.148Z [right meow!] info: 🛢   Database is connected successfully
2023-06-15T18:24:50.154Z [right meow!] info: Application  listening on port 5000
2023-06-15T18:25:07.895Z [right meow!] info: 🛢   Database is connected successfully
2023-06-15T18:25:07.900Z [right meow!] info: Application  listening on port 5000
2023-06-15T18:35:31.822Z [right meow!] info: 🛢   Database is connected successfully
2023-06-15T18:35:31.828Z [right meow!] info: Application  listening on port 5000
2023-06-15T18:59:12.199Z [right meow!] info: 🛢   Database is connected successfully
2023-06-15T18:59:12.205Z [right meow!] info: Application  listening on port 5000
2023-06-15T18:59:18.940Z [right meow!] info: 🛢   Database is connected successfully
2023-06-15T18:59:18.949Z [right meow!] info: Application  listening on port 5000
2023-06-15T18:59:41.641Z [right meow!] info: 🛢   Database is connected successfully
2023-06-15T18:59:41.646Z [right meow!] info: Application  listening on port 5000
2023-06-15T18:59:57.940Z [right meow!] info: 🛢   Database is connected successfully
2023-06-15T18:59:57.945Z [right meow!] info: Application  listening on port 5000
2023-06-15T19:00:19.432Z [right meow!] info: 🛢   Database is connected successfully
2023-06-15T19:01:58.162Z [right meow!] info: 🛢   Database is connected successfully
2023-06-15T19:01:58.167Z [right meow!] info: Application  listening on port 5000
2023-06-15T19:08:49.283Z [right meow!] info: 🛢   Database is connected successfully
2023-06-15T19:08:49.288Z [right meow!] info: Application  listening on port 5000
2023-06-15T19:11:11.482Z [right meow!] info: 🛢   Database is connected successfully
2023-06-15T19:11:28.478Z [right meow!] info: 🛢   Database is connected successfully
2023-06-15T19:11:28.491Z [right meow!] info: Application  listening on port 5000
2023-06-15T19:13:39.850Z [right meow!] info: 🛢   Database is connected successfully
2023-06-15T19:13:39.856Z [right meow!] info: Application  listening on port 5000
2023-06-15T19:13:45.330Z [right meow!] info: 🛢   Database is connected successfully
2023-06-15T19:13:45.336Z [right meow!] info: Application  listening on port 5000
2023-06-15T19:15:29.764Z [right meow!] info: 🛢   Database is connected successfully
2023-06-15T19:15:29.769Z [right meow!] info: Application  listening on port 5000
2023-06-15T19:16:41.300Z [right meow!] info: 🛢   Database is connected successfully
2023-06-15T19:16:41.305Z [right meow!] info: Application  listening on port 5000
2023-06-15T19:16:53.723Z [right meow!] info: 🛢   Database is connected successfully
2023-06-15T19:16:53.728Z [right meow!] info: Application  listening on port 5000
2023-06-15T20:28:40.635Z [right meow!] info: 🛢   Database is connected successfully
2023-06-15T20:28:40.648Z [right meow!] info: Application  listening on port 5000
2023-06-15T20:28:51.929Z [right meow!] info: 🛢   Database is connected successfully
2023-06-15T20:28:51.934Z [right meow!] info: Application  listening on port 5000
2023-06-15T20:29:44.563Z [right meow!] error: Oreh Baba errror
2023-06-15T20:37:24.292Z [right meow!] info: 🛢   Database is connected successfully
2023-06-15T20:37:24.297Z [right meow!] info: Application  listening on port 5000
2023-06-16T11:52:55.099Z [right meow!] info: 🛢   Database is connected successfully
2023-06-16T11:52:55.109Z [right meow!] info: Application  listening on port 5000
2023-06-16T11:53:31.322Z [right meow!] error: Oreh Baba errror
2023-06-16T11:53:50.371Z [right meow!] info: 🛢   Database is connected successfully
2023-06-16T11:53:50.377Z [right meow!] info: Application  listening on port 5000
2023-06-16T16:01:39.494Z [right meow!] info: 🛢   Database is connected successfully
2023-06-16T16:01:39.504Z [right meow!] info: Application  listening on port 5000
2023-06-16T16:03:49.780Z [right meow!] info: 🛢   Database is connected successfully
2023-06-16T16:03:49.794Z [right meow!] info: Application  listening on port 5000
2023-06-16T16:06:15.615Z [right meow!] info: 🛢   Database is connected successfully
2023-06-16T16:06:15.629Z [right meow!] info: Application  listening on port 5000
2023-06-16T16:07:38.127Z [right meow!] info: 🛢   Database is connected successfully
2023-06-16T16:07:38.137Z [right meow!] info: Application  listening on port 5000
2023-06-16T16:08:16.539Z [right meow!] info: 🛢   Database is connected successfully
2023-06-16T16:08:16.555Z [right meow!] info: Application  listening on port 5000
2023-06-16T16:11:44.505Z [right meow!] error: Oreh Baba errror
2023-06-16T16:16:55.153Z [right meow!] info: 🛢   Database is connected successfully
2023-06-16T16:16:55.166Z [right meow!] info: Application  listening on port 5000
2023-06-16T18:21:36.764Z [right meow!] info: 🛢   Database is connected successfully
2023-06-16T18:21:36.776Z [right meow!] info: Application  listening on port 5000
2023-06-16T18:22:04.035Z [right meow!] info: 🛢   Database is connected successfully
2023-06-16T18:22:04.046Z [right meow!] info: Application  listening on port 5000
2023-06-16T18:23:09.662Z [right meow!] info: 🛢   Database is connected successfully
2023-06-16T18:23:09.677Z [right meow!] info: Application  listening on port 5000
2023-06-16T18:26:41.532Z [right meow!] info: 🛢   Database is connected successfully
2023-06-16T18:26:41.546Z [right meow!] info: Application  listening on port 5000
2023-06-16T18:27:28.563Z [right meow!] info: 🛢   Database is connected successfully
2023-06-16T18:27:28.575Z [right meow!] info: Application  listening on port 5000
2023-06-16T18:27:50.491Z [right meow!] info: 🛢   Database is connected successfully
2023-06-16T18:27:50.507Z [right meow!] info: Application  listening on port 5000
2023-06-16T18:29:35.297Z [right meow!] info: 🛢   Database is connected successfully
2023-06-16T18:29:35.311Z [right meow!] info: Application  listening on port 5000
2023-06-16T18:29:45.434Z [right meow!] info: 🛢   Database is connected successfully
2023-06-16T18:29:45.448Z [right meow!] info: Application  listening on port 5000
2023-06-16T18:30:13.833Z [right meow!] info: 🛢   Database is connected successfully
2023-06-16T18:30:13.846Z [right meow!] info: Application  listening on port 5000
2023-06-16T18:30:33.177Z [right meow!] info: 🛢   Database is connected successfully
2023-06-16T18:30:33.186Z [right meow!] info: Application  listening on port 5000
2023-06-16T18:31:13.812Z [right meow!] info: 🛢   Database is connected successfully
2023-06-16T18:31:13.822Z [right meow!] info: Application  listening on port 5000
2023-06-16T18:31:37.938Z [right meow!] info: 🛢   Database is connected successfully
2023-06-16T18:31:37.951Z [right meow!] info: Application  listening on port 5000
2023-06-16T18:32:00.834Z [right meow!] info: 🛢   Database is connected successfully
2023-06-16T18:32:00.849Z [right meow!] info: Application  listening on port 5000
2023-06-16T18:33:08.698Z [right meow!] info: 🛢   Database is connected successfully
2023-06-16T18:33:08.712Z [right meow!] info: Application  listening on port 5000
2023-06-16T18:33:31.041Z [right meow!] info: 🛢   Database is connected successfully
2023-06-16T18:33:31.053Z [right meow!] info: Application  listening on port 5000
2023-06-16T18:36:28.710Z [right meow!] info: 🛢   Database is connected successfully
2023-06-16T18:36:28.725Z [right meow!] info: Application  listening on port 5000
2023-06-16T18:38:10.756Z [right meow!] info: 🛢   Database is connected successfully
2023-06-16T18:38:10.772Z [right meow!] info: Application  listening on port 5000
2023-06-16T20:16:39.744Z [right meow!] info: 🛢   Database is connected successfully
2023-06-16T20:16:39.750Z [right meow!] info: Application  listening on port 5000
2023-06-16T20:17:49.426Z [right meow!] info: 🛢   Database is connected successfully
2023-06-16T20:17:49.432Z [right meow!] info: Application  listening on port 5000
2023-06-16T20:17:57.858Z [right meow!] info: 🛢   Database is connected successfully
2023-06-16T20:17:57.864Z [right meow!] info: Application  listening on port 5000
2023-06-16T20:18:01.515Z [right meow!] info: 🛢   Database is connected successfully
2023-06-16T20:18:01.520Z [right meow!] info: Application  listening on port 5000
2023-06-16T20:18:39.660Z [right meow!] info: 🛢   Database is connected successfully
2023-06-16T20:18:39.666Z [right meow!] info: Application  listening on port 5000
2023-06-16T21:23:10.206Z [right meow!] info: 🛢   Database is connected successfully
2023-06-16T21:23:10.214Z [right meow!] info: Application  listening on port 5000
2023-06-16T21:32:56.316Z [right meow!] info: 🛢   Database is connected successfully
2023-06-16T21:32:56.321Z [right meow!] info: Application  listening on port 5000
2023-06-16T22:47:06.431Z [right meow!] info: 🛢   Database is connected successfully
2023-06-16T22:47:06.437Z [right meow!] info: Application  listening on port 5000
2023-06-17T21:12:11.858Z [right meow!] info: 🛢   Database is connected successfully
2023-06-17T21:12:11.866Z [right meow!] info: Application  listening on port 5000
2023-06-17T21:17:29.392Z [right meow!] info: 🛢   Database is connected successfully
2023-06-17T21:17:29.398Z [right meow!] info: Application  listening on port 5000
2023-06-17T21:18:28.962Z [right meow!] info: 🛢   Database is connected successfully
2023-06-17T21:18:28.969Z [right meow!] info: Application  listening on port 5000
2023-06-17T21:41:10.477Z [right meow!] info: 🛢   Database is connected successfully
2023-06-17T21:41:10.483Z [right meow!] info: Application  listening on port 5000
2023-06-17T21:41:16.058Z [right meow!] info: 🛢   Database is connected successfully
2023-06-17T21:41:16.064Z [right meow!] info: Application  listening on port 5000
2023-06-17T21:42:12.457Z [right meow!] info: 🛢   Database is connected successfully
2023-06-17T21:42:12.463Z [right meow!] info: Application  listening on port 5000
2023-06-17T21:42:21.058Z [right meow!] info: 🛢   Database is connected successfully
2023-06-17T21:42:21.064Z [right meow!] info: Application  listening on port 5000
2023-06-17T21:42:30.339Z [right meow!] info: 🛢   Database is connected successfully
2023-06-17T21:42:30.345Z [right meow!] info: Application  listening on port 5000
2023-06-17T21:42:39.883Z [right meow!] info: 🛢   Database is connected successfully
2023-06-17T21:42:39.889Z [right meow!] info: Application  listening on port 5000
2023-06-17T21:42:46.013Z [right meow!] info: 🛢   Database is connected successfully
2023-06-17T21:42:46.019Z [right meow!] info: Application  listening on port 5000
2023-06-17T21:44:05.099Z [right meow!] info: 🛢   Database is connected successfully
2023-06-17T21:44:05.105Z [right meow!] info: Application  listening on port 5000
2023-06-17T21:44:21.362Z [right meow!] info: 🛢   Database is connected successfully
2023-06-17T21:44:21.368Z [right meow!] info: Application  listening on port 5000
2023-06-17T21:44:50.799Z [right meow!] info: 🛢   Database is connected successfully
2023-06-17T21:44:50.805Z [right meow!] info: Application  listening on port 5000
2023-06-17T21:44:58.565Z [right meow!] info: 🛢   Database is connected successfully
2023-06-17T21:44:58.571Z [right meow!] info: Application  listening on port 5000
2023-06-18T18:50:44.093Z [right meow!] info: 🛢   Database is connected successfully
2023-06-18T18:50:44.100Z [right meow!] info: Application  listening on port 5000
2023-06-18T20:32:36.837Z [right meow!] info: 🛢   Database is connected successfully
2023-06-18T20:32:36.849Z [right meow!] info: Application  listening on port 5000
2023-06-18T21:26:32.092Z [right meow!] info: 🛢   Database is connected successfully
2023-06-18T21:26:32.098Z [right meow!] info: Application  listening on port 5000
2023-06-18T21:27:23.543Z [right meow!] info: 🛢   Database is connected successfully
2023-06-18T21:27:23.549Z [right meow!] info: Application  listening on port 5000
2023-06-18T21:27:31.693Z [right meow!] info: 🛢   Database is connected successfully
2023-06-18T21:27:31.699Z [right meow!] info: Application  listening on port 5000
2023-06-18T21:27:37.862Z [right meow!] info: 🛢   Database is connected successfully
2023-06-18T21:27:37.869Z [right meow!] info: Application  listening on port 5000
2023-06-18T21:29:25.691Z [right meow!] info: 🛢   Database is connected successfully
2023-06-18T21:29:25.697Z [right meow!] info: Application  listening on port 5000
2023-06-18T21:30:15.556Z [right meow!] info: 🛢   Database is connected successfully
2023-06-18T21:30:15.562Z [right meow!] info: Application  listening on port 5000
2023-06-18T21:30:21.962Z [right meow!] info: 🛢   Database is connected successfully
2023-06-18T21:30:21.969Z [right meow!] info: Application  listening on port 5000
2023-06-18T21:30:37.725Z [right meow!] info: 🛢   Database is connected successfully
2023-06-18T21:30:37.731Z [right meow!] info: Application  listening on port 5000
2023-06-18T21:30:44.396Z [right meow!] info: 🛢   Database is connected successfully
2023-06-18T21:30:44.404Z [right meow!] info: Application  listening on port 5000
2023-06-18T21:31:13.754Z [right meow!] info: 🛢   Database is connected successfully
2023-06-18T21:31:13.760Z [right meow!] info: Application  listening on port 5000
2023-06-18T21:32:40.927Z [right meow!] info: 🛢   Database is connected successfully
2023-06-18T21:32:40.934Z [right meow!] info: Application  listening on port 5000
2023-06-18T21:33:09.690Z [right meow!] info: 🛢   Database is connected successfully
2023-06-18T21:33:09.697Z [right meow!] info: Application  listening on port 5000
2023-06-18T21:33:32.500Z [right meow!] info: 🛢   Database is connected successfully
2023-06-18T21:33:32.507Z [right meow!] info: Application  listening on port 5000
2023-06-18T21:33:45.524Z [right meow!] info: 🛢   Database is connected successfully
2023-06-18T21:33:45.532Z [right meow!] info: Application  listening on port 5000
2023-06-18T21:33:49.296Z [right meow!] info: 🛢   Database is connected successfully
2023-06-18T21:33:49.303Z [right meow!] info: Application  listening on port 5000
2023-06-18T21:34:22.503Z [right meow!] info: 🛢   Database is connected successfully
2023-06-18T21:34:22.509Z [right meow!] info: Application  listening on port 5000
2023-06-19T08:57:27.619Z [right meow!] info: 🛢   Database is connected successfully
2023-06-19T08:57:27.638Z [right meow!] info: Application  listening on port 5000
2023-06-19T08:57:41.947Z [right meow!] error: Bad Request
2023-06-19T08:57:57.598Z [right meow!] info: 🛢   Database is connected successfully
2023-06-19T08:57:57.605Z [right meow!] info: Application  listening on port 5000
2023-06-19T08:58:04.264Z [right meow!] error: Bad Request
2023-06-19T08:58:35.183Z [right meow!] info: 🛢   Database is connected successfully
2023-06-19T08:58:35.190Z [right meow!] info: Application  listening on port 5000
2023-06-19T08:58:43.453Z [right meow!] error: Bad Request
2023-06-19T08:59:01.237Z [right meow!] info: 🛢   Database is connected successfully
2023-06-19T08:59:01.243Z [right meow!] info: Application  listening on port 5000
2023-06-19T08:59:22.396Z [right meow!] error: Bad Request
2023-06-19T09:00:26.712Z [right meow!] info: 🛢   Database is connected successfully
2023-06-19T09:00:26.718Z [right meow!] info: Application  listening on port 5000
2023-06-19T09:00:48.797Z [right meow!] error: Same year and semister found
2023-06-19T09:01:06.820Z [right meow!] info: 🛢   Database is connected successfully
2023-06-19T09:01:06.826Z [right meow!] info: Application  listening on port 5000
2023-06-19T09:01:10.843Z [right meow!] info: 🛢   Database is connected successfully
2023-06-19T09:01:10.850Z [right meow!] info: Application  listening on port 5000
2023-06-19T09:01:16.694Z [right meow!] error: Same year and semister found
2023-06-19T09:15:14.025Z [right meow!] info: 🛢   Database is connected successfully
2023-06-19T09:15:14.031Z [right meow!] info: Application  listening on port 5000
2023-06-19T09:15:27.097Z [right meow!] error: Same year and semister found
2023-06-19T09:23:21.015Z [right meow!] info: 🛢   Database is connected successfully
2023-06-19T09:23:21.023Z [right meow!] info: Application  listening on port 5000
2023-06-19T09:29:22.157Z [right meow!] error: Same year and semister found
2023-06-19T09:32:05.206Z [right meow!] info: 🛢   Database is connected successfully
2023-06-19T09:32:05.212Z [right meow!] info: Application  listening on port 5000
2023-06-19T09:32:34.381Z [right meow!] error: Same year and semister found
2023-06-19T09:58:07.437Z [right meow!] info: 🛢   Database is connected successfully
2023-06-19T09:58:07.447Z [right meow!] info: Application  listening on port 5000
2023-06-19T09:58:20.515Z [right meow!] error: Bad Request
2023-06-19T09:59:39.609Z [right meow!] info: 🛢   Database is connected successfully
2023-06-19T09:59:39.615Z [right meow!] info: Application  listening on port 5000
2023-06-19T09:59:50.287Z [right meow!] info: 🛢   Database is connected successfully
2023-06-19T09:59:50.293Z [right meow!] info: Application  listening on port 5000
2023-06-19T09:59:56.695Z [right meow!] info: 🛢   Database is connected successfully
2023-06-19T09:59:56.701Z [right meow!] info: Application  listening on port 5000
2023-06-19T10:10:58.608Z [right meow!] info: 🛢   Database is connected successfully
2023-06-19T10:10:58.614Z [right meow!] info: Application  listening on port 5000
2023-06-19T10:11:12.221Z [right meow!] info: 🛢   Database is connected successfully
2023-06-19T10:11:12.226Z [right meow!] info: Application  listening on port 5000
2023-06-19T10:12:05.580Z [right meow!] info: 🛢   Database is connected successfully
2023-06-19T10:12:05.586Z [right meow!] info: Application  listening on port 5000
2023-06-19T10:12:21.313Z [right meow!] info: 🛢   Database is connected successfully
2023-06-19T10:12:21.320Z [right meow!] info: Application  listening on port 5000
2023-06-19T10:13:38.840Z [right meow!] info: 🛢   Database is connected successfully
2023-06-19T10:13:38.846Z [right meow!] info: Application  listening on port 5000
2023-06-19T10:14:10.761Z [right meow!] info: 🛢   Database is connected successfully
2023-06-19T10:14:10.767Z [right meow!] info: Application  listening on port 5000
2023-06-19T10:14:22.393Z [right meow!] info: 🛢   Database is connected successfully
2023-06-19T10:14:22.400Z [right meow!] info: Application  listening on port 5000
2023-06-20T17:32:29.851Z [right meow!] info: 🛢   Database is connected successfully
2023-06-20T17:32:29.862Z [right meow!] info: Application  listening on port 5000
2023-06-20T21:02:45.144Z [right meow!] info: 🛢   Database is connected successfully
2023-06-20T21:02:45.154Z [right meow!] info: Application  listening on port 5000
2023-06-20T21:02:56.898Z [right meow!] info: 🛢   Database is connected successfully
2023-06-20T21:02:56.904Z [right meow!] info: Application  listening on port 5000
2023-06-20T21:05:10.195Z [right meow!] info: 🛢   Database is connected successfully
2023-06-20T21:05:10.201Z [right meow!] info: Application  listening on port 5000
2023-06-20T21:05:34.930Z [right meow!] info: 🛢   Database is connected successfully
2023-06-20T21:05:34.938Z [right meow!] info: Application  listening on port 5000
2023-06-20T21:06:54.738Z [right meow!] info: 🛢   Database is connected successfully
2023-06-20T21:06:54.746Z [right meow!] info: Application  listening on port 5000
2023-06-20T21:07:58.994Z [right meow!] info: 🛢   Database is connected successfully
2023-06-20T21:07:59.004Z [right meow!] info: Application  listening on port 5000
2023-06-20T21:10:41.924Z [right meow!] info: 🛢   Database is connected successfully
2023-06-20T21:10:41.932Z [right meow!] info: Application  listening on port 5000
2023-06-20T21:11:47.494Z [right meow!] info: 🛢   Database is connected successfully
2023-06-20T21:11:47.507Z [right meow!] info: Application  listening on port 5000
2023-06-20T21:13:07.044Z [right meow!] info: 🛢   Database is connected successfully
2023-06-20T21:13:07.053Z [right meow!] info: Application  listening on port 5000
2023-06-20T21:13:56.358Z [right meow!] info: 🛢   Database is connected successfully
2023-06-20T21:13:56.366Z [right meow!] info: Application  listening on port 5000
2023-06-20T21:14:11.554Z [right meow!] info: 🛢   Database is connected successfully
2023-06-20T21:14:11.564Z [right meow!] info: Application  listening on port 5000
2023-06-20T21:15:27.676Z [right meow!] info: 🛢   Database is connected successfully
2023-06-20T21:15:27.684Z [right meow!] info: Application  listening on port 5000
2023-06-20T21:15:45.138Z [right meow!] info: 🛢   Database is connected successfully
2023-06-20T21:15:45.146Z [right meow!] info: Application  listening on port 5000
2023-06-20T22:07:41.212Z [right meow!] info: 🛢   Database is connected successfully
2023-06-20T22:07:41.221Z [right meow!] info: Application  listening on port 5000
2023-06-23T12:25:47.487Z [right meow!] info: 🛢   Database is connected successfully
2023-06-23T12:25:47.498Z [right meow!] info: Application  listening on port 5000
2023-06-23T12:32:35.676Z [right meow!] info: 🛢   Database is connected successfully
2023-06-23T12:32:35.682Z [right meow!] info: Application  listening on port 5000
2023-06-23T12:44:30.241Z [right meow!] info: 🛢   Database is connected successfully
2023-06-23T12:44:30.247Z [right meow!] info: Application  listening on port 5000
2023-06-23T23:38:54.310Z [right meow!] info: 🛢   Database is connected successfully
2023-06-23T23:38:54.318Z [right meow!] info: Application  listening on port 5000
2023-06-23T23:42:05.370Z [right meow!] info: 🛢   Database is connected successfully
2023-06-23T23:42:05.378Z [right meow!] info: Application  listening on port 5000
2023-06-23T23:45:59.907Z [right meow!] info: 🛢   Database is connected successfully
2023-06-23T23:45:59.913Z [right meow!] info: Application  listening on port 5000
2023-06-23T23:50:24.162Z [right meow!] info: 🛢   Database is connected successfully
2023-06-23T23:50:24.168Z [right meow!] info: Application  listening on port 5000
2023-06-23T23:50:55.569Z [right meow!] info: 🛢   Database is connected successfully
2023-06-23T23:50:55.575Z [right meow!] info: Application  listening on port 5000
2023-06-23T23:52:16.543Z [right meow!] info: 🛢   Database is connected successfully
2023-06-23T23:52:16.549Z [right meow!] info: Application  listening on port 5000
2023-06-23T23:52:51.746Z [right meow!] info: 🛢   Database is connected successfully
2023-06-23T23:52:51.752Z [right meow!] info: Application  listening on port 5000
2023-06-23T23:52:59.105Z [right meow!] info: 🛢   Database is connected successfully
2023-06-23T23:52:59.111Z [right meow!] info: Application  listening on port 5000
2023-06-24T12:08:47.008Z [right meow!] info: 🛢   Database is connected successfully
2023-06-24T12:08:47.035Z [right meow!] info: Application  listening on port 5000
2023-06-24T12:22:05.128Z [right meow!] info: 🛢   Database is connected successfully
2023-06-24T12:22:05.145Z [right meow!] info: Application  listening on port 5000
2023-06-24T12:22:27.968Z [right meow!] info: 🛢   Database is connected successfully
2023-06-24T12:22:27.983Z [right meow!] info: Application  listening on port 5000
2023-06-24T12:23:06.081Z [right meow!] info: 🛢   Database is connected successfully
2023-06-24T12:23:06.095Z [right meow!] info: Application  listening on port 5000
2023-06-24T12:23:12.546Z [right meow!] info: 🛢   Database is connected successfully
2023-06-24T12:23:12.564Z [right meow!] info: Application  listening on port 5000
2023-06-24T12:23:30.831Z [right meow!] info: 🛢   Database is connected successfully
2023-06-24T12:23:30.844Z [right meow!] info: Application  listening on port 5000
2023-06-24T12:26:47.186Z [right meow!] info: 🛢   Database is connected successfully
2023-06-24T12:26:47.198Z [right meow!] info: Application  listening on port 5000
2023-06-24T12:28:01.583Z [right meow!] info: 🛢   Database is connected successfully
2023-06-24T12:28:01.597Z [right meow!] info: Application  listening on port 5000
2023-06-24T12:28:55.391Z [right meow!] info: 🛢   Database is connected successfully
2023-06-24T12:28:55.405Z [right meow!] info: Application  listening on port 5000
2023-06-24T12:29:17.454Z [right meow!] info: 🛢   Database is connected successfully
2023-06-24T12:29:17.467Z [right meow!] info: Application  listening on port 5000
2023-06-24T12:30:18.849Z [right meow!] info: 🛢   Database is connected successfully
2023-06-24T12:30:18.863Z [right meow!] info: Application  listening on port 5000
2023-06-24T12:30:32.196Z [right meow!] info: 🛢   Database is connected successfully
2023-06-24T12:30:32.208Z [right meow!] info: Application  listening on port 5000
2023-06-24T12:30:46.451Z [right meow!] info: 🛢   Database is connected successfully
2023-06-24T12:30:46.466Z [right meow!] info: Application  listening on port 5000
2023-06-24T12:44:48.907Z [right meow!] info: 🛢   Database is connected successfully
2023-06-24T12:44:48.920Z [right meow!] info: Application  listening on port 5000
2023-06-24T12:48:46.351Z [right meow!] info: 🛢   Database is connected successfully
2023-06-24T12:48:46.367Z [right meow!] info: Application  listening on port 5000
2023-06-24T12:49:41.064Z [right meow!] info: 🛢   Database is connected successfully
2023-06-24T12:49:41.078Z [right meow!] info: Application  listening on port 5000
2023-06-24T12:50:36.270Z [right meow!] info: 🛢   Database is connected successfully
2023-06-24T12:50:36.284Z [right meow!] info: Application  listening on port 5000
2023-06-24T12:51:03.452Z [right meow!] info: 🛢   Database is connected successfully
2023-06-24T12:51:03.464Z [right meow!] info: Application  listening on port 5000
2023-06-24T13:32:13.492Z [right meow!] info: 🛢   Database is connected successfully
2023-06-24T13:32:13.504Z [right meow!] info: Application  listening on port 5000
2023-06-24T13:32:32.256Z [right meow!] info: 🛢   Database is connected successfully
2023-06-24T13:32:32.267Z [right meow!] info: Application  listening on port 5000
2023-06-24T13:32:48.045Z [right meow!] info: 🛢   Database is connected successfully
2023-06-24T13:32:48.061Z [right meow!] info: Application  listening on port 5000
2023-06-24T13:33:12.992Z [right meow!] info: 🛢   Database is connected successfully
2023-06-24T13:33:13.009Z [right meow!] info: Application  listening on port 5000
2023-06-24T13:34:52.475Z [right meow!] info: 🛢   Database is connected successfully
2023-06-24T13:34:52.493Z [right meow!] info: Application  listening on port 5000
2023-06-24T13:35:17.873Z [right meow!] info: 🛢   Database is connected successfully
2023-06-24T13:35:17.884Z [right meow!] info: Application  listening on port 5000
2023-06-24T13:36:24.606Z [right meow!] info: 🛢   Database is connected successfully
2023-06-24T13:36:24.621Z [right meow!] info: Application  listening on port 5000
2023-06-24T13:37:19.142Z [right meow!] info: 🛢   Database is connected successfully
2023-06-24T13:37:19.156Z [right meow!] info: Application  listening on port 5000
2023-06-24T13:39:01.600Z [right meow!] info: 🛢   Database is connected successfully
2023-06-24T13:39:01.614Z [right meow!] info: Application  listening on port 5000
2023-06-25T11:21:43.213Z [right meow!] info: 🛢   Database is connected successfully
2023-06-25T11:21:43.232Z [right meow!] info: Application  listening on port 5000
2023-06-25T11:22:46.234Z [right meow!] info: 🛢   Database is connected successfully
2023-06-25T11:22:46.249Z [right meow!] info: Application  listening on port 5000
2023-06-25T11:26:17.165Z [right meow!] info: 🛢   Database is connected successfully
2023-06-25T11:26:17.176Z [right meow!] info: Application  listening on port 5000
2023-06-25T12:51:21.954Z [right meow!] info: 🛢   Database is connected successfully
2023-06-25T12:51:21.964Z [right meow!] info: Application  listening on port 5000
2023-06-25T12:53:47.114Z [right meow!] info: 🛢   Database is connected successfully
2023-06-25T12:53:47.125Z [right meow!] info: Application  listening on port 5000
2023-06-25T12:54:15.797Z [right meow!] info: 🛢   Database is connected successfully
2023-06-25T12:54:15.809Z [right meow!] info: Application  listening on port 5000
2023-06-25T12:54:21.654Z [right meow!] info: 🛢   Database is connected successfully
2023-06-25T12:54:21.666Z [right meow!] info: Application  listening on port 5000
2023-06-25T12:54:44.209Z [right meow!] info: 🛢   Database is connected successfully
2023-06-25T12:54:44.221Z [right meow!] info: Application  listening on port 5000
2023-06-25T12:55:13.204Z [right meow!] info: 🛢   Database is connected successfully
2023-06-25T12:55:13.218Z [right meow!] info: Application  listening on port 5000
2023-06-25T12:56:00.343Z [right meow!] info: 🛢   Database is connected successfully
2023-06-25T12:56:00.361Z [right meow!] info: Application  listening on port 5000
2023-06-25T12:59:22.527Z [right meow!] info: 🛢   Database is connected successfully
2023-06-25T12:59:22.540Z [right meow!] info: Application  listening on port 5000
2023-06-25T13:00:49.521Z [right meow!] info: 🛢   Database is connected successfully
2023-06-25T13:00:49.535Z [right meow!] info: Application  listening on port 5000
2023-06-25T13:00:56.521Z [right meow!] info: 🛢   Database is connected successfully
2023-06-25T13:00:56.534Z [right meow!] info: Application  listening on port 5000
2023-06-25T13:22:50.180Z [right meow!] info: 🛢   Database is connected successfully
2023-06-25T13:22:50.194Z [right meow!] info: Application  listening on port 5000
2023-06-26T11:25:59.416Z [right meow!] info: 🛢   Database is connected successfully
2023-06-26T11:25:59.425Z [right meow!] info: Application  listening on port 5000
2023-06-26T12:40:20.771Z [right meow!] info: 🛢   Database is connected successfully
2023-06-26T12:40:20.785Z [right meow!] info: Application  listening on port 5000
2023-06-26T12:41:29.168Z [right meow!] info: 🛢   Database is connected successfully
2023-06-26T12:41:29.173Z [right meow!] info: Application  listening on port 5000
2023-06-26T12:42:07.601Z [right meow!] info: 🛢   Database is connected successfully
2023-06-26T12:42:07.608Z [right meow!] info: Application  listening on port 5000
2023-06-26T12:42:21.384Z [right meow!] info: 🛢   Database is connected successfully
2023-06-26T12:42:21.391Z [right meow!] info: Application  listening on port 5000
2023-06-26T12:42:35.076Z [right meow!] info: 🛢   Database is connected successfully
2023-06-26T12:42:35.083Z [right meow!] info: Application  listening on port 5000
2023-06-26T12:42:44.160Z [right meow!] info: 🛢   Database is connected successfully
2023-06-26T12:42:44.166Z [right meow!] info: Application  listening on port 5000
2023-06-26T12:43:01.063Z [right meow!] info: 🛢   Database is connected successfully
2023-06-26T12:43:01.070Z [right meow!] info: Application  listening on port 5000
2023-06-26T12:43:42.165Z [right meow!] info: 🛢   Database is connected successfully
2023-06-26T12:43:42.170Z [right meow!] info: Application  listening on port 5000
2023-06-26T12:50:00.139Z [right meow!] info: 🛢   Database is connected successfully
2023-06-26T12:50:00.145Z [right meow!] info: Application  listening on port 5000
2023-06-26T12:50:26.993Z [right meow!] info: 🛢   Database is connected successfully
2023-06-26T12:50:27.000Z [right meow!] info: Application  listening on port 5000
2023-06-26T12:50:44.826Z [right meow!] info: 🛢   Database is connected successfully
2023-06-26T12:50:44.833Z [right meow!] info: Application  listening on port 5000
2023-06-26T23:11:30.793Z [right meow!] info: 🛢   Database is connected successfully
2023-06-26T23:11:30.799Z [right meow!] info: Application  listening on port 5000
2023-06-26T23:13:35.969Z [right meow!] info: 🛢   Database is connected successfully
2023-06-26T23:13:35.977Z [right meow!] info: Application  listening on port 5000
2023-06-27T10:31:28.293Z [right meow!] info: 🛢   Database is connected successfully
2023-06-27T10:31:28.306Z [right meow!] info: Application  listening on port 5000
2023-06-27T10:33:22.167Z [right meow!] info: 🛢   Database is connected successfully
2023-06-27T10:33:22.185Z [right meow!] info: Application  listening on port 5000
2023-06-27T10:33:30.465Z [right meow!] info: 🛢   Database is connected successfully
2023-06-27T10:33:30.481Z [right meow!] info: Application  listening on port 5000
2023-06-27T10:35:33.856Z [right meow!] info: 🛢   Database is connected successfully
2023-06-27T10:35:33.872Z [right meow!] info: Application  listening on port 5000
2023-06-27T10:35:50.237Z [right meow!] info: 🛢   Database is connected successfully
2023-06-27T10:35:50.252Z [right meow!] info: Application  listening on port 5000
2023-06-27T10:36:39.116Z [right meow!] info: 🛢   Database is connected successfully
2023-06-27T10:36:39.131Z [right meow!] info: Application  listening on port 5000
2023-06-27T10:39:01.224Z [right meow!] info: 🛢   Database is connected successfully
2023-06-27T10:39:01.237Z [right meow!] info: Application  listening on port 5000
2023-06-27T10:39:31.022Z [right meow!] info: 🛢   Database is connected successfully
2023-06-27T10:39:31.036Z [right meow!] info: Application  listening on port 5000
2023-06-27T21:25:15.061Z [right meow!] info: 🛢   Database is connected successfully
2023-06-27T21:25:15.073Z [right meow!] info: Application  listening on port 5000
2023-06-30T10:03:12.251Z [right meow!] info: 🛢   Database is connected successfully
2023-06-30T10:03:12.258Z [right meow!] info: Application  listening on port 5000
2023-06-30T10:03:59.469Z [right meow!] info: 🛢   Database is connected successfully
2023-06-30T10:03:59.475Z [right meow!] info: Application  listening on port 5000
2023-06-30T12:22:10.379Z [right meow!] info: 🛢   Database is connected successfully
2023-06-30T12:22:10.389Z [right meow!] info: Application  listening on port 5000
2023-06-30T12:24:47.052Z [right meow!] info: 🛢   Database is connected successfully
2023-06-30T12:24:47.059Z [right meow!] info: Application  listening on port 5000
2023-06-30T12:24:53.878Z [right meow!] info: 🛢   Database is connected successfully
2023-06-30T12:24:53.884Z [right meow!] info: Application  listening on port 5000
2023-06-30T12:25:02.302Z [right meow!] info: 🛢   Database is connected successfully
2023-06-30T12:25:02.309Z [right meow!] info: Application  listening on port 5000
2023-06-30T12:25:09.837Z [right meow!] info: 🛢   Database is connected successfully
2023-06-30T12:25:09.844Z [right meow!] info: Application  listening on port 5000
2023-06-30T12:25:35.669Z [right meow!] info: 🛢   Database is connected successfully
2023-06-30T12:25:35.676Z [right meow!] info: Application  listening on port 5000
2023-06-30T12:25:43.498Z [right meow!] info: 🛢   Database is connected successfully
2023-06-30T12:25:43.505Z [right meow!] info: Application  listening on port 5000
2023-06-30T21:48:45.916Z [right meow!] info: 🛢   Database is connected successfully
2023-06-30T21:48:45.922Z [right meow!] info: Application  listening on port 5000
2023-06-30T21:54:12.907Z [right meow!] info: 🛢   Database is connected successfully
2023-06-30T21:54:12.915Z [right meow!] info: Application  listening on port 5000
2023-06-30T21:56:39.157Z [right meow!] info: 🛢   Database is connected successfully
2023-06-30T21:56:39.164Z [right meow!] info: Application  listening on port 5000
2023-07-02T17:22:32.036Z [right meow!] info: 🛢   Database is connected successfully
2023-07-02T17:22:32.048Z [right meow!] info: Application  listening on port 5000
2023-07-05T19:54:50.387Z [right meow!] info: 🛢   Database is connected successfully
2023-07-05T19:54:50.399Z [right meow!] info: Application  listening on port 5000
2023-07-05T20:04:12.951Z [right meow!] info: 🛢   Database is connected successfully
2023-07-05T20:04:12.968Z [right meow!] info: Application  listening on port 5000
2023-07-05T20:07:18.047Z [right meow!] info: 🛢   Database is connected successfully
2023-07-05T20:07:18.064Z [right meow!] info: Application  listening on port 5000
2023-07-05T20:08:35.955Z [right meow!] info: 🛢   Database is connected successfully
2023-07-05T20:08:35.981Z [right meow!] info: Application  listening on port 5000
2023-07-05T21:39:16.298Z [right meow!] info: 🛢   Database is connected successfully
2023-07-05T21:39:16.312Z [right meow!] info: Application  listening on port 5000
2023-07-05T21:42:36.926Z [right meow!] info: 🛢   Database is connected successfully
2023-07-05T21:42:36.934Z [right meow!] info: Application  listening on port 5000
2023-07-05T21:42:40.950Z [right meow!] info: 🛢   Database is connected successfully
2023-07-05T21:42:40.956Z [right meow!] info: Application  listening on port 5000
